<?xml version="1.0" encoding="UTF-8"?>
<testng-results ignored="0" total="1" passed="1" failed="0" skipped="0">
  <reporter-output>
  </reporter-output>
  <suite started-at="2024-02-28T11:11:32 IST" name="Suite" finished-at="2024-02-28T11:11:37 IST" duration-ms="4588">
    <groups>
    </groups>
    <test started-at="2024-02-28T11:11:32 IST" name="Test" finished-at="2024-02-28T11:11:37 IST" duration-ms="4588">
      <class name="Axis.DataDriven.ReadClass">
        <test-method signature="fblogin()[pri:0, instance:Axis.DataDriven.ReadClass@25d250c6]" started-at="2024-02-28T11:11:32 IST" name="fblogin" finished-at="2024-02-28T11:11:37 IST" duration-ms="4531" status="PASS">
          <reporter-output>
          </reporter-output>
        </test-method> <!-- fblogin -->
      </class> <!-- Axis.DataDriven.ReadClass -->
    </test> <!-- Test -->
  </suite> <!-- Suite -->
</testng-results>
