<?xml version="1.0" encoding="UTF-8"?>
<testng-results ignored="0" total="1" passed="1" failed="0" skipped="0">
  <reporter-output>
  </reporter-output>
  <suite started-at="2024-02-28T10:40:05 IST" name="Default suite" finished-at="2024-02-28T10:40:10 IST" duration-ms="4848">
    <groups>
    </groups>
    <test started-at="2024-02-28T10:40:05 IST" name="Default test" finished-at="2024-02-28T10:40:10 IST" duration-ms="4848">
      <class name="Axis.DataDriven.WriteClass">
        <test-method signature="fblogin()[pri:0, instance:Axis.DataDriven.WriteClass@6ae5aa72]" started-at="2024-02-28T10:40:05 IST" name="fblogin" finished-at="2024-02-28T10:40:10 IST" duration-ms="4781" status="PASS">
          <reporter-output>
          </reporter-output>
        </test-method> <!-- fblogin -->
      </class> <!-- Axis.DataDriven.WriteClass -->
    </test> <!-- Default test -->
  </suite> <!-- Default suite -->
</testng-results>
