<?xml version="1.0" encoding="UTF-8"?>
<testng-results ignored="0" total="2" passed="2" failed="0" skipped="0">
  <reporter-output>
  </reporter-output>
  <suite started-at="2024-02-28T15:24:38 IST" name="Suite" finished-at="2024-02-28T15:24:47 IST" duration-ms="8553">
    <groups>
    </groups>
    <test started-at="2024-02-28T15:24:38 IST" name="Test" finished-at="2024-02-28T15:24:47 IST" duration-ms="8553">
      <class name="Axis.DataDriven.ReadClass">
        <test-method signature="fblogin()[pri:0, instance:Axis.DataDriven.ReadClass@222545dc]" started-at="2024-02-28T15:24:38 IST" name="fblogin" finished-at="2024-02-28T15:24:44 IST" duration-ms="5240" status="PASS">
          <reporter-output>
          </reporter-output>
        </test-method> <!-- fblogin -->
      </class> <!-- Axis.DataDriven.ReadClass -->
      <class name="Axis.DataDriven.WriteClass">
        <test-method signature="fblogin()[pri:0, instance:Axis.DataDriven.WriteClass@3a93b025]" started-at="2024-02-28T15:24:44 IST" name="fblogin" finished-at="2024-02-28T15:24:47 IST" duration-ms="3236" status="PASS">
          <reporter-output>
          </reporter-output>
        </test-method> <!-- fblogin -->
      </class> <!-- Axis.DataDriven.WriteClass -->
    </test> <!-- Test -->
  </suite> <!-- Suite -->
</testng-results>
